<?xml version="1.0" encoding="UTF-8"?>
<!-- Generated by org.testng.reporters.JUnitXMLReporter -->
<testsuite hostname="c1-gf-102" ignored="0" name="Default test" tests="2" failures="0" timestamp="03 Jul 2018 05:51:51 GMT" time="121.98" errors="0">
  <testcase name="tc_BEP305707_UpdateDuplicateSortOrder" time="46.067" classname="com.rsystems.test.EditAccessPointTestcase"/>
  <testcase name="tc_BEP305708_UpdateBlankAccessPointName" time="55.416" classname="com.rsystems.test.EditAccessPointTestcase"/>
</testsuite> <!-- Default test -->
