<?xml version="1.0" encoding="UTF-8"?>
<!-- Generated by org.testng.reporters.JUnitXMLReporter -->
<testsuite hostname="Ankit-PC" ignored="0" name="Home Module Test case " tests="1" failures="0" timestamp="19 Aug 2018 03:27:49 GMT" time="24.991" errors="0">
  <testcase name="@BeforeClass beforeClass" time="24.721" classname="com.renpay.utils.TestInitialization">
    <failure type="java.lang.NullPointerException">
      <![CDATA[java.lang.NullPointerException
	at java.lang.String.replace(Unknown Source)
	at com.relevantcodes.extentreports.Logger.log(Logger.java:65)
	at com.relevantcodes.extentreports.AbstractLog.log(AbstractLog.java:68)
	at com.relevantcodes.extentreports.AbstractLog.log(AbstractLog.java:77)
	at com.relevantcodes.extentreports.ExtentReports.log(ExtentReports.java:168)
	at com.renpay.utils.TestUtil.click(TestUtil.java:496)
	at com.renpay.utils.TestInitialization.applicationLogin(TestInitialization.java:192)
	at com.renpay.utils.TestInitialization.beforeClass(TestInitialization.java:135)
... Removed 25 stack frames]]>
    </failure>
  </testcase> <!-- @BeforeClass beforeClass -->
  <testcase name="@BeforeMethod beforeMethodCalled" time="0.0" classname="com.renpay.utils.TestInitialization">
    <skipped/>
  </testcase> <!-- @BeforeMethod beforeMethodCalled -->
  <testcase name="@AfterClass afterClass" time="0.0" classname="com.renpay.utils.TestInitialization">
    <skipped/>
  </testcase> <!-- @AfterClass afterClass -->
  <testcase name="tc_renpay01_UpdateUserProfile" time="0.001" classname="com.renpay.test.HomePageTestCase">
    <skipped/>
  </testcase> <!-- tc_renpay01_UpdateUserProfile -->
</testsuite> <!-- Home Module Test case  -->
