<?xml version="1.0" encoding="UTF-8"?>
<!-- Generated by org.testng.reporters.JUnitXMLReporter -->
<testsuite hostname="c1-gf-102" ignored="0" name="Login Module Test case " tests="2" failures="0" timestamp="06 Aug 2018 14:07:42 GMT" time="43.303" errors="0">
  <testcase name="tc_renpay01_LoginWithValidCredentials" time="20.444" classname="com.renpay.test.LogInPageTestCase"/>
  <testcase name="tc_renpay02_LoginWithInValidCredentials" time="13.417" classname="com.renpay.test.LogInPageTestCase"/>
</testsuite> <!-- Login Module Test case  -->
