<?xml version="1.0" encoding="UTF-8"?>
<!-- Generated by org.testng.reporters.JUnitXMLReporter -->
<testsuite hostname="c1-gf-102" ignored="0" name="AccessPoint Module Test case " tests="16" failures="0" timestamp="24 Jul 2018 11:50:04 GMT" time="483.536" errors="0">
  <testcase name="tc_BEP306703_ValidateCreateAccessPoint" time="9.689" classname="com.rsystems.test.AccessPointTestCase"/>
  <testcase name="tc_BEP304401_CreateAccessPoint_MandatoryParam" time="13.155" classname="com.rsystems.test.AccessPointTestCase"/>
  <testcase name="tc_BEP304402_CreateAccessPointMandatory_OptionalParam" time="25.502" classname="com.rsystems.test.AccessPointTestCase"/>
  <testcase name="tc_BEP304403_CreateAccessPoint_MinVal_Name" time="12.674" classname="com.rsystems.test.AccessPointTestCase"/>
  <testcase name="tc_BEP304403_1_CreateAccessPoint_MaxVal_Name" time="12.872" classname="com.rsystems.test.AccessPointTestCase"/>
  <testcase name="tc_BEP304404_CreateAccessPoint_MinLength_ExternalID" time="12.584" classname="com.rsystems.test.AccessPointTestCase"/>
  <testcase name="tc_BEP304404_1_CreateAccessPoint_MaxLength_ExternalID" time="12.991" classname="com.rsystems.test.AccessPointTestCase"/>
  <testcase name="tc_BEP304405_CreateAccessPointWithDuplicateName" time="27.453" classname="com.rsystems.test.AccessPointTestCase"/>
  <testcase name="tc_BEP304406_CreateAccessPoint_MinLength_SortOrder" time="12.814" classname="com.rsystems.test.AccessPointTestCase"/>
  <testcase name="tc_BEP304406_1_CreateAccessPoint_MaxLength_SortOrder" time="12.829" classname="com.rsystems.test.AccessPointTestCase"/>
  <testcase name="tc_BEP304412_VerifyErrorMissingParam" time="27.593" classname="com.rsystems.test.AccessPointTestCase"/>
  <testcase name="tc_BEP304414_Verify_MaxLength_Property" time="5.161" classname="com.rsystems.test.AccessPointTestCase"/>
  <testcase name="tc_BEP360001_VerifyAccessPointDeleted" time="56.787" classname="com.rsystems.test.AccessPointTestCase"/>
  <testcase name="tc_BEP360002_VerifyAccessPointNotDeleted" time="56.715" classname="com.rsystems.test.AccessPointTestCase"/>
  <testcase name="tc_BEP360003_VerifyAccessPointDeletefromDB" time="56.751" classname="com.rsystems.test.AccessPointTestCase"/>
  <testcase name="tc_BEP480001_VerifyDuplicateAccessPoint" time="35.842" classname="com.rsystems.test.AccessPointTestCase"/>
</testsuite> <!-- AccessPoint Module Test case  -->
