<?xml version="1.0" encoding="UTF-8"?>
<!-- Generated by org.testng.reporters.JUnitXMLReporter -->
<testsuite hostname="c1-gf-102" ignored="0" name="Access Point List Module Test case " tests="3" failures="0" timestamp="31 May 2018 04:20:48 GMT" time="143.896" errors="0">
  <testcase name="tc_BEP400001_SortAccessPointAscendingOrder" time="29.105" classname="com.rsystems.test.AccessPointListTestCase"/>
  <testcase name="tc_BEP400002_SortAccessPointDescendingOrder" time="31.231" classname="com.rsystems.test.AccessPointListTestCase"/>
  <testcase name="tc_BEP400003_VerifySortingInAllPages" time="68.396" classname="com.rsystems.test.AccessPointListTestCase"/>
</testsuite> <!-- Access Point List Module Test case  -->
