<?xml version="1.0" encoding="UTF-8"?>
<!-- Generated by org.testng.reporters.JUnitXMLReporter -->
<testsuite hostname="c1-gf-102" ignored="2" name="Access Point List page Module Test case " tests="1" failures="0" timestamp="31 May 2018 11:04:50 GMT" time="36.2" errors="0">
  <testcase name="tc_BEP400002_SortAccessPointDescendingOrder" time="31.337" classname="com.rsystems.test.AccessPointListTestCase"/>
  <testcase name="tc_BEP400001_SortAccessPointAscendingOrder" time="0.0" classname="com.rsystems.test.AccessPointListTestCase">
    <ignored/>
  </testcase> <!-- tc_BEP400001_SortAccessPointAscendingOrder -->
  <testcase name="tc_BEP400003_VerifySortingInAllPages" time="0.0" classname="com.rsystems.test.AccessPointListTestCase">
    <ignored/>
  </testcase> <!-- tc_BEP400003_VerifySortingInAllPages -->
</testsuite> <!-- Access Point List page Module Test case  -->
