<?xml version="1.0" encoding="UTF-8"?>
<!-- Generated by org.testng.reporters.JUnitXMLReporter -->
<testsuite hostname="c1-gf-102" ignored="0" name="Assign Swimlane Module Test case " tests="22" failures="0" timestamp="23 Jul 2018 06:33:37 GMT" time="1159.892" errors="0">
  <testcase name="tc_BEP320001_VerifyAssignSwimlanePage" time="29.158" classname="com.rsystems.test.AssignSwimlaneTestCase"/>
  <testcase name="tc_BEP320002_VerifyRedirectToPropAndAssignSwimlanePage" time="31.705" classname="com.rsystems.test.AssignSwimlaneTestCase"/>
  <testcase name="tc_BEP320003_VerifyBreadcrumbs" time="45.555" classname="com.rsystems.test.AssignSwimlaneTestCase"/>
  <testcase name="tc_BEP320004_VerifyAvailableSwimlaneTable" time="31.622" classname="com.rsystems.test.AssignSwimlaneTestCase"/>
  <testcase name="tc_BEP320005_VerifyAssignedSwimlaneTable" time="29.219" classname="com.rsystems.test.AssignSwimlaneTestCase"/>
  <testcase name="tc_BEP320006_VerifyAssignSwimlane" time="36.905" classname="com.rsystems.test.AssignSwimlaneTestCase"/>
  <testcase name="tc_BEP320007_CreateAccesspointWithNoSwimlane" time="43.181" classname="com.rsystems.test.AssignSwimlaneTestCase"/>
  <testcase name="tc_BEP320008_VerifyAssignSwimlaneFromEdit" time="59.402" classname="com.rsystems.test.AssignSwimlaneTestCase"/>
  <testcase name="tc_BEP320009_AvailableSwimlaneSortWithExternalId" time="33.372" classname="com.rsystems.test.AssignSwimlaneTestCase"/>
  <testcase name="tc_BEP320010_AvailablePackageSortWithName" time="33.904" classname="com.rsystems.test.AssignSwimlaneTestCase"/>
  <testcase name="tc_BEP320011_ApplyFilterOnExternalId" time="30.098" classname="com.rsystems.test.AssignSwimlaneTestCase"/>
  <testcase name="tc_BEP320012_ApplyFilterOnName" time="29.76" classname="com.rsystems.test.AssignSwimlaneTestCase"/>
  <testcase name="tc_BEP320013_VerifyAppliedFilterIncaseSensitive" time="55.521" classname="com.rsystems.test.AssignSwimlaneTestCase"/>
  <testcase name="tc_BEP320014_VerifyOptionViewEditPage" time="43.379" classname="com.rsystems.test.AssignSwimlaneTestCase"/>
  <testcase name="tc_BEP320015_ResizerBtnValidation" time="35.712" classname="com.rsystems.test.AssignSwimlaneTestCase"/>
  <testcase name="tc_BEP320016_VerifyLessSwimlaneVerticalBarForAvailableSwimlane" time="88.444" classname="com.rsystems.test.AssignSwimlaneTestCase"/>
  <testcase name="tc_BEP320017_VerifyMoreSwimlaneVerticalBarForAvailableSwimlane" time="28.652" classname="com.rsystems.test.AssignSwimlaneTestCase"/>
  <testcase name="tc_BEP320018_VerifyLessSwimlaneVerticalBarForAssigendSwimlane" time="56.514" classname="com.rsystems.test.AssignSwimlaneTestCase"/>
  <testcase name="tc_BEP320019_VerifyMoreSwimlaneVerticalBarForAssigendSwimlane" time="106.269" classname="com.rsystems.test.AssignSwimlaneTestCase"/>
  <testcase name="tc_BEP320020_VerifySwimlaneMoveFromOnePaneToOtherPane" time="73.379" classname="com.rsystems.test.AssignSwimlaneTestCase"/>
  <testcase name="tc_BEP320021_VerifySwimlaneOrderUpDown" time="73.148" classname="com.rsystems.test.AssignSwimlaneTestCase"/>
  <testcase name="tc_BEP320022_ValidateCloseFilterIcon" time="36.225" classname="com.rsystems.test.AssignSwimlaneTestCase"/>
</testsuite> <!-- Assign Swimlane Module Test case  -->
