<?xml version="1.0" encoding="UTF-8"?>
<!-- Generated by org.testng.reporters.JUnitXMLReporter -->
<testsuite hostname="c1-gf-102" ignored="1" name="Edit Access Point Module Test case " tests="11" failures="0" timestamp="03 Aug 2018 13:10:04 GMT" time="1212.659" errors="0">
  <testcase name="tc_BEP380001_VerifyExternalID_DisabledWhenEdit" time="62.759" classname="com.rsystems.test.EditAccessPointTestcase"/>
  <testcase name="tc_BEP305702_UpdateDisplayNameAccessPoint" time="100.839" classname="com.rsystems.test.EditAccessPointTestcase"/>
  <testcase name="tc_BEP305703_UpdateBackgroundImgAccessPoint" time="104.892" classname="com.rsystems.test.EditAccessPointTestcase"/>
  <testcase name="tc_BEP305704_UpdatedSortOrderAccessPoint" time="101.308" classname="com.rsystems.test.EditAccessPointTestcase"/>
  <testcase name="tc_BEP305705_UpdatedCommentsAccessPoint" time="102.486" classname="com.rsystems.test.EditAccessPointTestcase"/>
  <testcase name="tc_BEP305706_UpdateDuplicateAccessPointName" time="102.12" classname="com.rsystems.test.EditAccessPointTestcase"/>
  <testcase name="tc_BEP305707_UpdateDuplicateSortOrder" time="102.254" classname="com.rsystems.test.EditAccessPointTestcase"/>
  <testcase name="tc_BEP305708_UpdateBlankAccessPointName" time="110.81" classname="com.rsystems.test.EditAccessPointTestcase"/>
  <testcase name="tc_BEP490001_SamePropertyPageAfterSave" time="110.876" classname="com.rsystems.test.EditAccessPointTestcase"/>
  <testcase name="tc_BEP490002_SameSwimlanePageAfterAssignSwimlane" time="118.536" classname="com.rsystems.test.EditAccessPointTestcase"/>
  <testcase name="tc_BEP490003_SameSwimlanePageAfterRemoveSwimlane" time="120.556" classname="com.rsystems.test.EditAccessPointTestcase"/>
  <testcase name="tc_BEP305701_UpadteAccessPointName" time="0.0" classname="com.rsystems.test.EditAccessPointTestcase">
    <ignored/>
  </testcase> <!-- tc_BEP305701_UpadteAccessPointName -->
</testsuite> <!-- Edit Access Point Module Test case  -->
