<?xml version="1.0" encoding="UTF-8"?>
<!-- Generated by org.testng.reporters.JUnitXMLReporter -->
<testsuite hostname="c1-gf-102" ignored="49" name="Edit Swimlane Module Test case " tests="1" failures="0" timestamp="31 Jul 2018 13:02:49 GMT" time="87.95" errors="0">
  <testcase name="tc_BEP490001_verifyPropertiesPageAfterSave" time="82.625" classname="com.rsystems.test.SwimlanePageTestCase"/>
  <testcase name="tc_BEP290034_VerifyTitleOfPannel" time="0.0" classname="com.rsystems.test.SwimlanePageTestCase">
    <ignored/>
  </testcase> <!-- tc_BEP290034_VerifyTitleOfPannel -->
  <testcase name="tc_BEP290023_ValidationParamOfStartTile" time="0.0" classname="com.rsystems.test.SwimlanePageTestCase">
    <ignored/>
  </testcase> <!-- tc_BEP290023_ValidationParamOfStartTile -->
  <testcase name="tc_BEP440005_VerifyDuplicateValInSortOrder" time="0.0" classname="com.rsystems.test.SwimlanePageTestCase">
    <ignored/>
  </testcase> <!-- tc_BEP440005_VerifyDuplicateValInSortOrder -->
  <testcase name="tc_BEP290011_VerifyLengthDisplayNameNL" time="0.0" classname="com.rsystems.test.SwimlanePageTestCase">
    <ignored/>
  </testcase> <!-- tc_BEP290011_VerifyLengthDisplayNameNL -->
  <testcase name="tc_BEP290035_VerifyResponsibleMantatoryField" time="0.0" classname="com.rsystems.test.SwimlanePageTestCase">
    <ignored/>
  </testcase> <!-- tc_BEP290035_VerifyResponsibleMantatoryField -->
  <testcase name="tc_BEP290033_VerifyBreadcrumb" time="0.0" classname="com.rsystems.test.SwimlanePageTestCase">
    <ignored/>
  </testcase> <!-- tc_BEP290033_VerifyBreadcrumb -->
  <testcase name="tc_BEP490005_VerifyTargetScreenMandatory" time="0.0" classname="com.rsystems.test.SwimlanePageTestCase">
    <ignored/>
  </testcase> <!-- tc_BEP490005_VerifyTargetScreenMandatory -->
  <testcase name="tc_BEP29007_CreateSwinlaneWithMandatoryParam" time="0.0" classname="com.rsystems.test.SwimlanePageTestCase">
    <ignored/>
  </testcase> <!-- tc_BEP29007_CreateSwinlaneWithMandatoryParam -->
  <testcase name="tc_BEP490002_VerifyAllBtnInTargetScreen" time="0.0" classname="com.rsystems.test.SwimlanePageTestCase">
    <ignored/>
  </testcase> <!-- tc_BEP490002_VerifyAllBtnInTargetScreen -->
  <testcase name="tc_BEP290005_VerifyLengthInName" time="0.0" classname="com.rsystems.test.SwimlanePageTestCase">
    <ignored/>
  </testcase> <!-- tc_BEP290005_VerifyLengthInName -->
  <testcase name="tc_BEP580802_VerifyCloneBtnFunctionality" time="0.0" classname="com.rsystems.test.SwimlanePageTestCase">
    <ignored/>
  </testcase> <!-- tc_BEP580802_VerifyCloneBtnFunctionality -->
  <testcase name="tc_BEP29009_ValidateMissingParam" time="0.0" classname="com.rsystems.test.SwimlanePageTestCase">
    <ignored/>
  </testcase> <!-- tc_BEP29009_ValidateMissingParam -->
  <testcase name="tc_BEP470001_VerifyDuplicateSwimlane" time="0.0" classname="com.rsystems.test.SwimlanePageTestCase">
    <ignored/>
  </testcase> <!-- tc_BEP470001_VerifyDuplicateSwimlane -->
  <testcase name="tc_BEP290012_VerifyLengthCommentsBox" time="0.0" classname="com.rsystems.test.SwimlanePageTestCase">
    <ignored/>
  </testcase> <!-- tc_BEP290012_VerifyLengthCommentsBox -->
  <testcase name="tc_BEP290022_VerifyMandatoryParamEndTile" time="0.0" classname="com.rsystems.test.SwimlanePageTestCase">
    <ignored/>
  </testcase> <!-- tc_BEP290022_VerifyMandatoryParamEndTile -->
  <testcase name="tc_BEP290024_ValidationParamOfCoreTile" time="0.0" classname="com.rsystems.test.SwimlanePageTestCase">
    <ignored/>
  </testcase> <!-- tc_BEP290024_ValidationParamOfCoreTile -->
  <testcase name="tc_BEP490006_VerifyDeselectCheckbox" time="0.0" classname="com.rsystems.test.SwimlanePageTestCase">
    <ignored/>
  </testcase> <!-- tc_BEP490006_VerifyDeselectCheckbox -->
  <testcase name="tc_BEP580801_VerifyTooltipCloneButton" time="0.0" classname="com.rsystems.test.SwimlanePageTestCase">
    <ignored/>
  </testcase> <!-- tc_BEP580801_VerifyTooltipCloneButton -->
  <testcase name="tc_BEP440001_VerifyDefaultSortOrder" time="0.0" classname="com.rsystems.test.SwimlanePageTestCase">
    <ignored/>
  </testcase> <!-- tc_BEP440001_VerifyDefaultSortOrder -->
  <testcase name="tc_BEP290021_VerifyMandatoryParamCoreTile" time="0.0" classname="com.rsystems.test.SwimlanePageTestCase">
    <ignored/>
  </testcase> <!-- tc_BEP290021_VerifyMandatoryParamCoreTile -->
  <testcase name="tc_BEP290002_VerifySwimlanePageParam" time="0.0" classname="com.rsystems.test.SwimlanePageTestCase">
    <ignored/>
  </testcase> <!-- tc_BEP290002_VerifySwimlanePageParam -->
  <testcase name="tc_BEP290026_VerifyAddButton" time="0.0" classname="com.rsystems.test.SwimlanePageTestCase">
    <ignored/>
  </testcase> <!-- tc_BEP290026_VerifyAddButton -->
  <testcase name="tc_BEP290014_VerifyDisplayEmptyChkBoxUnSelect" time="0.0" classname="com.rsystems.test.SwimlanePageTestCase">
    <ignored/>
  </testcase> <!-- tc_BEP290014_VerifyDisplayEmptyChkBoxUnSelect -->
  <testcase name="tc_BEP490002_verifyPackagePageAfterAssignPackage" time="0.0" classname="com.rsystems.test.SwimlanePageTestCase">
    <ignored/>
  </testcase> <!-- tc_BEP490002_verifyPackagePageAfterAssignPackage -->
  <testcase name="tc_BEP490001_VerifyCloneExistingParam" time="0.0" classname="com.rsystems.test.SwimlanePageTestCase">
    <ignored/>
  </testcase> <!-- tc_BEP490001_VerifyCloneExistingParam -->
  <testcase name="tc_BEP290019_VerifyTilesExpandAndCollapse" time="0.0" classname="com.rsystems.test.SwimlanePageTestCase">
    <ignored/>
  </testcase> <!-- tc_BEP290019_VerifyTilesExpandAndCollapse -->
  <testcase name="tc_BEP290015_VerifyIgnoreOptOutChkboxSelected" time="0.0" classname="com.rsystems.test.SwimlanePageTestCase">
    <ignored/>
  </testcase> <!-- tc_BEP290015_VerifyIgnoreOptOutChkboxSelected -->
  <testcase name="tc_BEP290020_VerifyMandatoryParamStartTile" time="0.0" classname="com.rsystems.test.SwimlanePageTestCase">
    <ignored/>
  </testcase> <!-- tc_BEP290020_VerifyMandatoryParamStartTile -->
  <testcase name="tc_BEP440003_VerifySortingOrderRange" time="0.0" classname="com.rsystems.test.SwimlanePageTestCase">
    <ignored/>
  </testcase> <!-- tc_BEP440003_VerifySortingOrderRange -->
  <testcase name="tc_BEP290029_VerifySaveButtonInParamMissing" time="0.0" classname="com.rsystems.test.SwimlanePageTestCase">
    <ignored/>
  </testcase> <!-- tc_BEP290029_VerifySaveButtonInParamMissing -->
  <testcase name="tc_BEP290013_VerifyDisplayEmptyChkboxSelected" time="0.0" classname="com.rsystems.test.SwimlanePageTestCase">
    <ignored/>
  </testcase> <!-- tc_BEP290013_VerifyDisplayEmptyChkboxSelected -->
  <testcase name="tc_BEP290001_VerifyLaunchSwinlanePage" time="0.0" classname="com.rsystems.test.SwimlanePageTestCase">
    <ignored/>
  </testcase> <!-- tc_BEP290001_VerifyLaunchSwinlanePage -->
  <testcase name="tc_BEP440004_VerifyDuplicateValueIsAllowed" time="0.0" classname="com.rsystems.test.SwimlanePageTestCase">
    <ignored/>
  </testcase> <!-- tc_BEP440004_VerifyDuplicateValueIsAllowed -->
  <testcase name="tc_BEP490003_VerifyTargetScreenCheckboxIndividually" time="0.0" classname="com.rsystems.test.SwimlanePageTestCase">
    <ignored/>
  </testcase> <!-- tc_BEP490003_VerifyTargetScreenCheckboxIndividually -->
  <testcase name="tc_BEP290017_VerifyLength_MinimumCaching" time="0.0" classname="com.rsystems.test.SwimlanePageTestCase">
    <ignored/>
  </testcase> <!-- tc_BEP290017_VerifyLength_MinimumCaching -->
  <testcase name="tc_BEP290004_VerifyLengthInExternalID" time="0.0" classname="com.rsystems.test.SwimlanePageTestCase">
    <ignored/>
  </testcase> <!-- tc_BEP290004_VerifyLengthInExternalID -->
  <testcase name="tc_BEP290025_ValidationParamOfEndTile" time="0.0" classname="com.rsystems.test.SwimlanePageTestCase">
    <ignored/>
  </testcase> <!-- tc_BEP290025_ValidationParamOfEndTile -->
  <testcase name="tc_BEP440002_ChangeSortingOrderValue" time="0.0" classname="com.rsystems.test.SwimlanePageTestCase">
    <ignored/>
  </testcase> <!-- tc_BEP440002_ChangeSortingOrderValue -->
  <testcase name="tc_BEP490004_EditTargetScreenOption" time="0.0" classname="com.rsystems.test.SwimlanePageTestCase">
    <ignored/>
  </testcase> <!-- tc_BEP490004_EditTargetScreenOption -->
  <testcase name="tc_BEP490001_VerifyTargetScreenOption" time="0.0" classname="com.rsystems.test.SwimlanePageTestCase">
    <ignored/>
  </testcase> <!-- tc_BEP490001_VerifyTargetScreenOption -->
  <testcase name="tc_BEP290003_VerifyKeyboardNavigation" time="0.0" classname="com.rsystems.test.SwimlanePageTestCase">
    <ignored/>
  </testcase> <!-- tc_BEP290003_VerifyKeyboardNavigation -->
  <testcase name="tc_BEP290010_VerifyCreateSwimlane" time="0.0" classname="com.rsystems.test.SwimlanePageTestCase">
    <ignored/>
  </testcase> <!-- tc_BEP290010_VerifyCreateSwimlane -->
  <testcase name="tc_BEP290036_VerifyResponsibleOptionalField" time="0.0" classname="com.rsystems.test.SwimlanePageTestCase">
    <ignored/>
  </testcase> <!-- tc_BEP290036_VerifyResponsibleOptionalField -->
  <testcase name="tc_BEP290028_VerifySaveButton" time="0.0" classname="com.rsystems.test.SwimlanePageTestCase">
    <ignored/>
  </testcase> <!-- tc_BEP290028_VerifySaveButton -->
  <testcase name="tc_BEP29006_VerifyAllParamWithAstrik" time="0.0" classname="com.rsystems.test.SwimlanePageTestCase">
    <ignored/>
  </testcase> <!-- tc_BEP29006_VerifyAllParamWithAstrik -->
  <testcase name="tc_BEP290018_VerifyLength_MaxmiumCaching" time="0.0" classname="com.rsystems.test.SwimlanePageTestCase">
    <ignored/>
  </testcase> <!-- tc_BEP290018_VerifyLength_MaxmiumCaching -->
  <testcase name="tc_BEP490003_verifyPackagePageAfterUnAssignPackage" time="0.0" classname="com.rsystems.test.SwimlanePageTestCase">
    <ignored/>
  </testcase> <!-- tc_BEP490003_verifyPackagePageAfterUnAssignPackage -->
  <testcase name="tc_BEP290016_VerifyIgnoreOptOutChkBoxUnSelect" time="0.0" classname="com.rsystems.test.SwimlanePageTestCase">
    <ignored/>
  </testcase> <!-- tc_BEP290016_VerifyIgnoreOptOutChkBoxUnSelect -->
  <testcase name="tc_BEP29008_CreateSwinlane_Mandtory_OptionalParam" time="0.0" classname="com.rsystems.test.SwimlanePageTestCase">
    <ignored/>
  </testcase> <!-- tc_BEP29008_CreateSwinlane_Mandtory_OptionalParam -->
</testsuite> <!-- Edit Swimlane Module Test case  -->
