<?xml version="1.0" encoding="UTF-8"?>
<!-- Generated by org.testng.reporters.JUnitXMLReporter -->
<testsuite hostname="c1-gf-102" ignored="12" name="Home Page module Test case " tests="1" failures="0" timestamp="23 Jul 2018 06:33:44 GMT" time="7.445" errors="0">
  <testcase name="tc_BEP363501_verifyHelp" time="2.463" classname="com.rsystems.test.HomePageTestCase"/>
  <testcase name="tc_BEP290006_AfterLogout_LogoutAllSession" time="0.0" classname="com.rsystems.test.HomePageTestCase">
    <ignored/>
  </testcase> <!-- tc_BEP290006_AfterLogout_LogoutAllSession -->
  <testcase name="tc_BEP2794004_verifyTooltipofEachIcon" time="0.0" classname="com.rsystems.test.HomePageTestCase">
    <ignored/>
  </testcase> <!-- tc_BEP2794004_verifyTooltipofEachIcon -->
  <testcase name="tc_BEP2794002_VerifyMenuIconFromJSON" time="0.0" classname="com.rsystems.test.HomePageTestCase">
    <ignored/>
  </testcase> <!-- tc_BEP2794002_VerifyMenuIconFromJSON -->
  <testcase name="tc_BEP2794003_verifyMenuButtonItem" time="0.0" classname="com.rsystems.test.HomePageTestCase">
    <ignored/>
  </testcase> <!-- tc_BEP2794003_verifyMenuButtonItem -->
  <testcase name="tc_BEP2794005_verifyLogo" time="0.0" classname="com.rsystems.test.HomePageTestCase">
    <ignored/>
  </testcase> <!-- tc_BEP2794005_verifyLogo -->
  <testcase name="tc_BEP290003_Verify_LoginPageAfterLogout" time="0.0" classname="com.rsystems.test.HomePageTestCase">
    <ignored/>
  </testcase> <!-- tc_BEP290003_Verify_LoginPageAfterLogout -->
  <testcase name="tc_BEP290002_VerifyLogoutOption" time="0.0" classname="com.rsystems.test.HomePageTestCase">
    <ignored/>
  </testcase> <!-- tc_BEP290002_VerifyLogoutOption -->
  <testcase name="tc_BEP290004_Verify_LocalStorageAfterLogout" time="0.0" classname="com.rsystems.test.HomePageTestCase">
    <ignored/>
  </testcase> <!-- tc_BEP290004_Verify_LocalStorageAfterLogout -->
  <testcase name="tc_BEP306702_VerifyPopUpItemOfCreateButton" time="0.0" classname="com.rsystems.test.HomePageTestCase">
    <ignored/>
  </testcase> <!-- tc_BEP306702_VerifyPopUpItemOfCreateButton -->
  <testcase name="tc_BEP2794006_verifyLogoutOption" time="0.0" classname="com.rsystems.test.HomePageTestCase">
    <ignored/>
  </testcase> <!-- tc_BEP2794006_verifyLogoutOption -->
  <testcase name="tc_BEP290001_VerifyUserProfileButton" time="0.0" classname="com.rsystems.test.HomePageTestCase">
    <ignored/>
  </testcase> <!-- tc_BEP290001_VerifyUserProfileButton -->
  <testcase name="tc_BEP290005_AfterLogout_LoginwithNewUser" time="0.0" classname="com.rsystems.test.HomePageTestCase">
    <ignored/>
  </testcase> <!-- tc_BEP290005_AfterLogout_LoginwithNewUser -->
</testsuite> <!-- Home Page module Test case  -->
