<?xml version="1.0" encoding="UTF-8"?>
<!-- Generated by org.testng.reporters.JUnitXMLReporter -->
<testsuite hostname="c1-gf-102" ignored="0" name="HomePage Test case " tests="2" failures="2" timestamp="02 Aug 2018 06:59:37 GMT" time="15.219" errors="0">
  <testcase name="Test1" time="0.006" classname="com.rsystems.test.Retry">
    <failure type="java.lang.AssertionError" message="expected [true] but found [false]">
      <![CDATA[java.lang.AssertionError: expected [true] but found [false]
	at com.rsystems.test.Retry.Test1(Retry.java:12)
... Removed 31 stack frames]]>
    </failure>
  </testcase> <!-- Test1 -->
  <testcase name="Test2" time="0.0" classname="com.rsystems.test.Retry">
    <failure type="java.lang.AssertionError" message="expected [true] but found [false]">
      <![CDATA[java.lang.AssertionError: expected [true] but found [false]
	at com.rsystems.test.Retry.Test2(Retry.java:17)
... Removed 31 stack frames]]>
    </failure>
  </testcase> <!-- Test2 -->
</testsuite> <!-- HomePage Test case  -->
