<?xml version="1.0" encoding="UTF-8"?>
<!-- Generated by org.testng.reporters.JUnitXMLReporter -->
<testsuite hostname="c1-gf-102" ignored="0" name="Login Module Test case " tests="2" failures="0" timestamp="06 Aug 2018 12:49:45 GMT" time="42.951" errors="0">
  <testcase name="tc_renpay01_LoginWithValidCredentials" time="22.134" classname="com.rsystems.test.LogInPageTestCase"/>
  <testcase name="tc_renpay02_LoginWithInValidCredentials" time="12.989" classname="com.rsystems.test.LogInPageTestCase"/>
</testsuite> <!-- Login Module Test case  -->
