<?xml version="1.0" encoding="UTF-8"?>
<!-- Generated by org.testng.reporters.JUnitXMLReporter -->
<testsuite hostname="c1-gf-102" ignored="5" name="Swimlane List page Test case " tests="15" failures="1" timestamp="19 Jun 2018 06:57:24 GMT" time="541.598" errors="0">
  <testcase name="tc_BEP3096001_VerifySwinlaneListPage" time="1.664" classname="com.rsystems.test.SwimlaneListTestCase"/>
  <testcase name="tc_BEP3096002_VerifyExternalID" time="74.771" classname="com.rsystems.test.SwimlaneListTestCase"/>
  <testcase name="tc_BEP3096003_VerifyNameField" time="70.776" classname="com.rsystems.test.SwimlaneListTestCase"/>
  <testcase name="tc_BEP3096004_VerifyOptionField" time="189.108" classname="com.rsystems.test.SwimlaneListTestCase">
    <failure type="java.lang.AssertionError" message="Delete query is not affected any rows affected rows : 0 Query:  Delete  from CLIENTUIITEMS Where EXTERNALID=&amp;apos;Automation1529391069286&amp;apos;">
      <![CDATA[java.lang.AssertionError: Delete query is not affected any rows affected rows : 0 Query:  Delete  from CLIENTUIITEMS Where EXTERNALID='Automation1529391069286'
	at com.rsystems.utils.TestInitialization.failTestCase(TestInitialization.java:359)
	at com.rsystems.pages.SwimlanePage.deleteSwimlaneFromDB(SwimlanePage.java:677)
	at com.rsystems.test.SwimlaneListTestCase.tc_BEP3096004_VerifyOptionField(SwimlaneListTestCase.java:110)
... Removed 26 stack frames]]>
    </failure>
  </testcase> <!-- tc_BEP3096004_VerifyOptionField -->
  <testcase name="tc_BEP3096007_VerifyPagingOption" time="3.847" classname="com.rsystems.test.SwimlaneListTestCase"/>
  <testcase name="tc_BEP3096008_VerifyPagingDropdown" time="3.985" classname="com.rsystems.test.SwimlaneListTestCase"/>
  <testcase name="tc_BEP3096009_ChangePagingOptionAndValidate" time="20.833" classname="com.rsystems.test.SwimlaneListTestCase"/>
  <testcase name="tc_BEP3096010_VerifyPageNumber" time="12.725" classname="com.rsystems.test.SwimlaneListTestCase"/>
  <testcase name="tc_BEP3096011_NavigationBetweenPages" time="26.337" classname="com.rsystems.test.SwimlaneListTestCase"/>
  <testcase name="tc_BEP3096012_VerifyFirstAndLastPageBtn" time="25.755" classname="com.rsystems.test.SwimlaneListTestCase"/>
  <testcase name="tc_BEP3096013_VerifyPageNumberInPaging" time="12.589" classname="com.rsystems.test.SwimlaneListTestCase"/>
  <testcase name="tc_BEP3096014_VerifyScrollBarBehaviour" time="11.384" classname="com.rsystems.test.SwimlaneListTestCase"/>
  <testcase name="tc_BEP3096015_VerifyBreadCrumb" time="6.626" classname="com.rsystems.test.SwimlaneListTestCase"/>
  <testcase name="tc_BEP3096016_VerificationRefreshFunctionality" time="2.095" classname="com.rsystems.test.SwimlaneListTestCase"/>
  <testcase name="tc_BEP3096017_VerifyDataAfterChangeResolution" time="4.043" classname="com.rsystems.test.SwimlaneListTestCase"/>
  <testcase name="tc_BEP370003_VerifySwimlaneDeletedFrmDB" time="0.0" classname="com.rsystems.test.SwimlaneListTestCase">
    <ignored/>
  </testcase> <!-- tc_BEP370003_VerifySwimlaneDeletedFrmDB -->
  <testcase name="tc_BEP370006_VerifySwimlaneNotDel_AssignedPackage" time="0.0" classname="com.rsystems.test.SwimlaneListTestCase">
    <ignored/>
  </testcase> <!-- tc_BEP370006_VerifySwimlaneNotDel_AssignedPackage -->
  <testcase name="tc_BEP370002_VerifySwimlaneNotDeleted" time="0.0" classname="com.rsystems.test.SwimlaneListTestCase">
    <ignored/>
  </testcase> <!-- tc_BEP370002_VerifySwimlaneNotDeleted -->
  <testcase name="tc_BEP370001_VerifySwimlaneDeleted" time="0.0" classname="com.rsystems.test.SwimlaneListTestCase">
    <ignored/>
  </testcase> <!-- tc_BEP370001_VerifySwimlaneDeleted -->
  <testcase name="tc_BEP370005_VerifySwimlaneNotDel_AssignedAccessPoint" time="0.0" classname="com.rsystems.test.SwimlaneListTestCase">
    <ignored/>
  </testcase> <!-- tc_BEP370005_VerifySwimlaneNotDel_AssignedAccessPoint -->
</testsuite> <!-- Swimlane List page Test case  -->
