<?xml version="1.0" encoding="UTF-8"?>
<!-- Generated by org.testng.reporters.JUnitXMLReporter -->
<testsuite hostname="c1-gf-102" ignored="19" name="Swimlane List Module Test case " tests="5" failures="1" timestamp="03 Aug 2018 12:28:47 GMT" time="443.841" errors="0">
  <testcase name="tc_BEP3096009_ChangePagingOptionAndValidate" time="16.722" classname="com.rsystems.test.SwimlaneListTestCase">
    <failure type="java.lang.AssertionError" message="Total number of swimlane in DB : 194. but at least 300 swimlane count is required">
      <![CDATA[java.lang.AssertionError: Total number of swimlane in DB : 194. but at least 300 swimlane count is required
	at com.rsystems.utils.TestInitialization.failTestCase(TestInitialization.java:379)
	at com.rsystems.test.SwimlaneListTestCase.tc_BEP3096009_ChangePagingOptionAndValidate(SwimlaneListTestCase.java:173)
... Removed 26 stack frames]]>
    </failure>
  </testcase> <!-- tc_BEP3096009_ChangePagingOptionAndValidate -->
  <testcase name="tc_BEP3096012_VerifyFirstAndLastPageBtn" time="31.095" classname="com.rsystems.test.SwimlaneListTestCase"/>
  <testcase name="tc_BEP3096013_VerifyPageNumberInPaging" time="28.032" classname="com.rsystems.test.SwimlaneListTestCase"/>
  <testcase name="tc_BEP370006_VerifySwimlaneNotDel_AssignedPackage" time="187.095" classname="com.rsystems.test.SwimlaneListTestCase"/>
  <testcase name="tc_BEP430004_VerifyAccessPointDetails" time="153.587" classname="com.rsystems.test.SwimlaneListTestCase"/>
  <testcase name="tc_BEP3096010_VerifyPageNumber" time="0.0" classname="com.rsystems.test.SwimlaneListTestCase">
    <ignored/>
  </testcase> <!-- tc_BEP3096010_VerifyPageNumber -->
  <testcase name="tc_BEP3096003_VerifyNameField" time="0.0" classname="com.rsystems.test.SwimlaneListTestCase">
    <ignored/>
  </testcase> <!-- tc_BEP3096003_VerifyNameField -->
  <testcase name="tc_BEP3096007_VerifyPagingOption" time="0.0" classname="com.rsystems.test.SwimlaneListTestCase">
    <ignored/>
  </testcase> <!-- tc_BEP3096007_VerifyPagingOption -->
  <testcase name="tc_BEP370003_VerifySwimlaneDeletedFrmDB" time="0.0" classname="com.rsystems.test.SwimlaneListTestCase">
    <ignored/>
  </testcase> <!-- tc_BEP370003_VerifySwimlaneDeletedFrmDB -->
  <testcase name="tc_BEP3096015_VerifyBreadCrumb" time="0.0" classname="com.rsystems.test.SwimlaneListTestCase">
    <ignored/>
  </testcase> <!-- tc_BEP3096015_VerifyBreadCrumb -->
  <testcase name="tc_BEP370002_VerifySwimlaneNotDeleted" time="0.0" classname="com.rsystems.test.SwimlaneListTestCase">
    <ignored/>
  </testcase> <!-- tc_BEP370002_VerifySwimlaneNotDeleted -->
  <testcase name="tc_BEP3096016_VerificationRefreshFunctionality" time="0.0" classname="com.rsystems.test.SwimlaneListTestCase">
    <ignored/>
  </testcase> <!-- tc_BEP3096016_VerificationRefreshFunctionality -->
  <testcase name="tc_BEP370005_VerifySwimlaneNotDel_AssignedAccessPoint" time="0.0" classname="com.rsystems.test.SwimlaneListTestCase">
    <ignored/>
  </testcase> <!-- tc_BEP370005_VerifySwimlaneNotDel_AssignedAccessPoint -->
  <testcase name="tc_BEP3096002_VerifyExternalID" time="0.0" classname="com.rsystems.test.SwimlaneListTestCase">
    <ignored/>
  </testcase> <!-- tc_BEP3096002_VerifyExternalID -->
  <testcase name="tc_BEP3096004_VerifyOptionField" time="0.0" classname="com.rsystems.test.SwimlaneListTestCase">
    <ignored/>
  </testcase> <!-- tc_BEP3096004_VerifyOptionField -->
  <testcase name="tc_BEP430002_VerifyNoneFilterOption" time="0.0" classname="com.rsystems.test.SwimlaneListTestCase">
    <ignored/>
  </testcase> <!-- tc_BEP430002_VerifyNoneFilterOption -->
  <testcase name="tc_BEP430001_VerifyAccessPointDropdownDefaultVal" time="0.0" classname="com.rsystems.test.SwimlaneListTestCase">
    <ignored/>
  </testcase> <!-- tc_BEP430001_VerifyAccessPointDropdownDefaultVal -->
  <testcase name="tc_BEP3096017_VerifyDataAfterChangeResolution" time="0.0" classname="com.rsystems.test.SwimlaneListTestCase">
    <ignored/>
  </testcase> <!-- tc_BEP3096017_VerifyDataAfterChangeResolution -->
  <testcase name="tc_BEP3096011_NavigationBetweenPages" time="0.0" classname="com.rsystems.test.SwimlaneListTestCase">
    <ignored/>
  </testcase> <!-- tc_BEP3096011_NavigationBetweenPages -->
  <testcase name="tc_BEP3096001_VerifySwinlaneListPage" time="0.0" classname="com.rsystems.test.SwimlaneListTestCase">
    <ignored/>
  </testcase> <!-- tc_BEP3096001_VerifySwinlaneListPage -->
  <testcase name="tc_BEP3096008_VerifyPagingDropdown" time="0.0" classname="com.rsystems.test.SwimlaneListTestCase">
    <ignored/>
  </testcase> <!-- tc_BEP3096008_VerifyPagingDropdown -->
  <testcase name="tc_BEP430003_VerifyNotFilteredOption" time="0.0" classname="com.rsystems.test.SwimlaneListTestCase">
    <ignored/>
  </testcase> <!-- tc_BEP430003_VerifyNotFilteredOption -->
  <testcase name="tc_BEP370001_VerifySwimlaneDeleted" time="0.0" classname="com.rsystems.test.SwimlaneListTestCase">
    <ignored/>
  </testcase> <!-- tc_BEP370001_VerifySwimlaneDeleted -->
  <testcase name="tc_BEP3096014_VerifyScrollBarBehaviour" time="0.0" classname="com.rsystems.test.SwimlaneListTestCase">
    <ignored/>
  </testcase> <!-- tc_BEP3096014_VerifyScrollBarBehaviour -->
</testsuite> <!-- Swimlane List Module Test case  -->
