<?xml version="1.0" encoding="UTF-8"?>
<!-- Generated by org.testng.reporters.JUnitXMLReporter -->
<testsuite hostname="c1-gf-102" ignored="2" name="View Access Point Test case " tests="1" failures="0" timestamp="31 May 2018 11:02:59 GMT" time="34.803" errors="0">
  <testcase name="tc_BEP305601_ViewAccessPointListPage" time="29.392" classname="com.rsystems.test.ViewAccessPointTestCase"/>
  <testcase name="tc_BEP305602_ViewAccessPointDetails" time="0.0" classname="com.rsystems.test.ViewAccessPointTestCase">
    <ignored/>
  </testcase> <!-- tc_BEP305602_ViewAccessPointDetails -->
  <testcase name="tc_BEP305603_VerifyValuesOfAccessPoint" time="0.0" classname="com.rsystems.test.ViewAccessPointTestCase">
    <ignored/>
  </testcase> <!-- tc_BEP305603_VerifyValuesOfAccessPoint -->
</testsuite> <!-- View Access Point Test case  -->
