<?xml version="1.0" encoding="UTF-8"?>
<!-- Generated by org.testng.reporters.JUnitXMLReporter -->
<testsuite hostname="c1-gf-102" ignored="39" name="View Swimlane Module Test case " tests="1" failures="1" timestamp="03 Aug 2018 13:04:48 GMT" time="183.837" errors="0">
  <testcase name="tc_BEP480001_VerifySortOrderAscending" time="170.809" classname="com.rsystems.test.ViewSwimlaneTestCase">
    <failure type="java.lang.AssertionError" message="Updated successfully message is not shown">
      <![CDATA[java.lang.AssertionError: Updated successfully message is not shown
	at com.rsystems.utils.TestInitialization.failTestCase(TestInitialization.java:379)
	at com.rsystems.pages.EditSwimlanePage.saveAndValidateUpdationMsg(EditSwimlanePage.java:265)
	at com.rsystems.test.ViewSwimlaneTestCase.tc_BEP480001_VerifySortOrderAscending(ViewSwimlaneTestCase.java:727)
... Removed 26 stack frames]]>
    </failure>
  </testcase> <!-- tc_BEP480001_VerifySortOrderAscending -->
  <testcase name="tc_BEP3059003_VerifySwimlaneName" time="0.0" classname="com.rsystems.test.ViewSwimlaneTestCase">
    <ignored/>
  </testcase> <!-- tc_BEP3059003_VerifySwimlaneName -->
  <testcase name="tc_BEP3059005_VerifyComments" time="0.0" classname="com.rsystems.test.ViewSwimlaneTestCase">
    <ignored/>
  </testcase> <!-- tc_BEP3059005_VerifyComments -->
  <testcase name="tc_BEP3059001_VerifySwimlaneViewPage" time="0.0" classname="com.rsystems.test.ViewSwimlaneTestCase">
    <ignored/>
  </testcase> <!-- tc_BEP3059001_VerifySwimlaneViewPage -->
  <testcase name="tc_BEP490001_WhenTargetOptionWith_ALL" time="0.0" classname="com.rsystems.test.ViewSwimlaneTestCase">
    <ignored/>
  </testcase> <!-- tc_BEP490001_WhenTargetOptionWith_ALL -->
  <testcase name="tc_BEP3059007_VerifyIgnoreIfOptedoutCheckbox" time="0.0" classname="com.rsystems.test.ViewSwimlaneTestCase">
    <ignored/>
  </testcase> <!-- tc_BEP3059007_VerifyIgnoreIfOptedoutCheckbox -->
  <testcase name="tc_BEP330002_VerifySortOrder" time="0.0" classname="com.rsystems.test.ViewSwimlaneTestCase">
    <ignored/>
  </testcase> <!-- tc_BEP330002_VerifySortOrder -->
  <testcase name="tc_BEP3059014_VerifyTypeParam" time="0.0" classname="com.rsystems.test.ViewSwimlaneTestCase">
    <ignored/>
  </testcase> <!-- tc_BEP3059014_VerifyTypeParam -->
  <testcase name="tc_BEP3059006_VerifyDisplayWhenEmptyCheckbox" time="0.0" classname="com.rsystems.test.ViewSwimlaneTestCase">
    <ignored/>
  </testcase> <!-- tc_BEP3059006_VerifyDisplayWhenEmptyCheckbox -->
  <testcase name="tc_BEP330001_VerifyViewSwinlanePage" time="0.0" classname="com.rsystems.test.ViewSwimlaneTestCase">
    <ignored/>
  </testcase> <!-- tc_BEP330001_VerifyViewSwinlanePage -->
  <testcase name="tc_BEP3059019_VerifyValueUnderCorePannel" time="0.0" classname="com.rsystems.test.ViewSwimlaneTestCase">
    <ignored/>
  </testcase> <!-- tc_BEP3059019_VerifyValueUnderCorePannel -->
  <testcase name="tc_BEP3059009_VerifyMaximumCaching" time="0.0" classname="com.rsystems.test.ViewSwimlaneTestCase">
    <ignored/>
  </testcase> <!-- tc_BEP3059009_VerifyMaximumCaching -->
  <testcase name="tc_BEP330006_UpdateDisplayOrder" time="0.0" classname="com.rsystems.test.ViewSwimlaneTestCase">
    <ignored/>
  </testcase> <!-- tc_BEP330006_UpdateDisplayOrder -->
  <testcase name="tc_BEP3059002_VerifySwimlaneExternalID" time="0.0" classname="com.rsystems.test.ViewSwimlaneTestCase">
    <ignored/>
  </testcase> <!-- tc_BEP3059002_VerifySwimlaneExternalID -->
  <testcase name="tc_BEP3059029_VerifyPropertiesInBtnCrumb" time="0.0" classname="com.rsystems.test.ViewSwimlaneTestCase">
    <ignored/>
  </testcase> <!-- tc_BEP3059029_VerifyPropertiesInBtnCrumb -->
  <testcase name="tc_BEP3059016_VerifyDisplayNameUnderCorePannel" time="0.0" classname="com.rsystems.test.ViewSwimlaneTestCase">
    <ignored/>
  </testcase> <!-- tc_BEP3059016_VerifyDisplayNameUnderCorePannel -->
  <testcase name="tc_BEP3059023_VerifyEdit_Cancle_HelpBtn" time="0.0" classname="com.rsystems.test.ViewSwimlaneTestCase">
    <ignored/>
  </testcase> <!-- tc_BEP3059023_VerifyEdit_Cancle_HelpBtn -->
  <testcase name="tc_BEP3059015_VerifyItemLimitParam" time="0.0" classname="com.rsystems.test.ViewSwimlaneTestCase">
    <ignored/>
  </testcase> <!-- tc_BEP3059015_VerifyItemLimitParam -->
  <testcase name="tc_BEP3059026_VerifyHomeBtnInBreadCrumb" time="0.0" classname="com.rsystems.test.ViewSwimlaneTestCase">
    <ignored/>
  </testcase> <!-- tc_BEP3059026_VerifyHomeBtnInBreadCrumb -->
  <testcase name="tc_BEP330003_dragAndDropDisabled_ViewSwimlane" time="0.0" classname="com.rsystems.test.ViewSwimlaneTestCase">
    <ignored/>
  </testcase> <!-- tc_BEP330003_dragAndDropDisabled_ViewSwimlane -->
  <testcase name="tc_BEP3059011_VerifyCoreTile" time="0.0" classname="com.rsystems.test.ViewSwimlaneTestCase">
    <ignored/>
  </testcase> <!-- tc_BEP3059011_VerifyCoreTile -->
  <testcase name="tc_BEP490003_VerifyTargetOptionDisabled" time="0.0" classname="com.rsystems.test.ViewSwimlaneTestCase">
    <ignored/>
  </testcase> <!-- tc_BEP490003_VerifyTargetOptionDisabled -->
  <testcase name="tc_BEP3059022_VerifyEndPannelExpand" time="0.0" classname="com.rsystems.test.ViewSwimlaneTestCase">
    <ignored/>
  </testcase> <!-- tc_BEP3059022_VerifyEndPannelExpand -->
  <testcase name="tc_BEP3059027_VerifySwimlaneBtnInBreadCrumb" time="0.0" classname="com.rsystems.test.ViewSwimlaneTestCase">
    <ignored/>
  </testcase> <!-- tc_BEP3059027_VerifySwimlaneBtnInBreadCrumb -->
  <testcase name="tc_BEP490004_VerifyEditOption" time="0.0" classname="com.rsystems.test.ViewSwimlaneTestCase">
    <ignored/>
  </testcase> <!-- tc_BEP490004_VerifyEditOption -->
  <testcase name="tc_BEP3059017_VerifyActualParamUnderCorePannel" time="0.0" classname="com.rsystems.test.ViewSwimlaneTestCase">
    <ignored/>
  </testcase> <!-- tc_BEP3059017_VerifyActualParamUnderCorePannel -->
  <testcase name="tc_BEP3059008_VerifyMinimumCaching" time="0.0" classname="com.rsystems.test.ViewSwimlaneTestCase">
    <ignored/>
  </testcase> <!-- tc_BEP3059008_VerifyMinimumCaching -->
  <testcase name="tc_BEP3059030_verifyCoreTileDataAfterRefresh" time="0.0" classname="com.rsystems.test.ViewSwimlaneTestCase">
    <ignored/>
  </testcase> <!-- tc_BEP3059030_verifyCoreTileDataAfterRefresh -->
  <testcase name="tc_BEP3059013_VerifyTechnicalParam" time="0.0" classname="com.rsystems.test.ViewSwimlaneTestCase">
    <ignored/>
  </testcase> <!-- tc_BEP3059013_VerifyTechnicalParam -->
  <testcase name="tc_BEP330004_VerifySortIsDraggabledisabled" time="0.0" classname="com.rsystems.test.ViewSwimlaneTestCase">
    <ignored/>
  </testcase> <!-- tc_BEP330004_VerifySortIsDraggabledisabled -->
  <testcase name="tc_BEP330005_FunctionalityofViewAndEdit" time="0.0" classname="com.rsystems.test.ViewSwimlaneTestCase">
    <ignored/>
  </testcase> <!-- tc_BEP330005_FunctionalityofViewAndEdit -->
  <testcase name="tc_BEP3059020_VerifyResponsibleValUnderCorePannel" time="0.0" classname="com.rsystems.test.ViewSwimlaneTestCase">
    <ignored/>
  </testcase> <!-- tc_BEP3059020_VerifyResponsibleValUnderCorePannel -->
  <testcase name="tc_BEP3059028_VerifySwimlaneNameInBtnCrumb" time="0.0" classname="com.rsystems.test.ViewSwimlaneTestCase">
    <ignored/>
  </testcase> <!-- tc_BEP3059028_VerifySwimlaneNameInBtnCrumb -->
  <testcase name="tc_BEP3059018_VerifyPrototypeSelectorUnderCorePannel" time="0.0" classname="com.rsystems.test.ViewSwimlaneTestCase">
    <ignored/>
  </testcase> <!-- tc_BEP3059018_VerifyPrototypeSelectorUnderCorePannel -->
  <testcase name="tc_BEP3059010_VerifyStartTile" time="0.0" classname="com.rsystems.test.ViewSwimlaneTestCase">
    <ignored/>
  </testcase> <!-- tc_BEP3059010_VerifyStartTile -->
  <testcase name="tc_BEP3059004_VerifyDisplayName" time="0.0" classname="com.rsystems.test.ViewSwimlaneTestCase">
    <ignored/>
  </testcase> <!-- tc_BEP3059004_VerifyDisplayName -->
  <testcase name="tc_BEP3059012_VerifyQuaryNameParam" time="0.0" classname="com.rsystems.test.ViewSwimlaneTestCase">
    <ignored/>
  </testcase> <!-- tc_BEP3059012_VerifyQuaryNameParam -->
  <testcase name="tc_BEP3059031_verifyCoreTileDataWhenChangingBrowserResolution" time="0.0" classname="com.rsystems.test.ViewSwimlaneTestCase">
    <ignored/>
  </testcase> <!-- tc_BEP3059031_verifyCoreTileDataWhenChangingBrowserResolution -->
  <testcase name="tc_BEP490002_WhenTargetOptionWith_TV_Phone" time="0.0" classname="com.rsystems.test.ViewSwimlaneTestCase">
    <ignored/>
  </testcase> <!-- tc_BEP490002_WhenTargetOptionWith_TV_Phone -->
  <testcase name="tc_BEP3059024_VerifyEditBtnFuctionality" time="0.0" classname="com.rsystems.test.ViewSwimlaneTestCase">
    <ignored/>
  </testcase> <!-- tc_BEP3059024_VerifyEditBtnFuctionality -->
</testsuite> <!-- View Swimlane Module Test case  -->
